# JRE version: OpenJDK Runtime Environment Temurin-21.0.8+9 (21.0.8+9) (build 21.0.8+9-LTS)
# Java VM: OpenJDK 64-Bit Server VM Temurin-21.0.8+9 (21.0.8+9-LTS, mixed mode, sharing, tiered, compressed oops, compressed class ptrs, parallel gc, windows-amd64)
GC Precious Log:
 CardTable entry size: 512
 CPUs: 8 total, 8 available
 Memory: 16249M
 Large Page Support: Disabled
 NUMA Support: Disabled
 Compressed Oops: Enabled (32-bit)
 Alignments: Space 512K, Generation 512K, Heap 2M
 Heap Min Capacity: 100M
 Heap Initial Capacity: 100M
 Heap Max Capacity: 2G
 Pre-touch: Disabled
 Parallel Workers: 8
Heap:
 PSYoungGen      total 10752K, used 9736K [0x00000000d5580000, 0x00000000d6580000, 0x0000000100000000)
  eden space 5632K, 90% used [0x00000000d5580000,0x00000000d5a7a978,0x00000000d5b00000)
  from space 5120K, 90% used [0x00000000d6080000,0x00000000d65077d8,0x00000000d6580000)
  to   space 5120K, 0% used [0x00000000d5b80000,0x00000000d5b80000,0x00000000d6080000)
 ParOldGen       total 369152K, used 368541K [0x0000000080000000, 0x0000000096880000, 0x00000000d5580000)
  object space 369152K, 99% used [0x0000000080000000,0x00000000967e77c0,0x0000000096880000)
 Metaspace       used 83933K, committed 85824K, reserved 1179648K
  class space    used 8293K, committed 9152K, reserved 1048576K
GC Heap History (20 events):
Event: 568.393 GC heap before
{Heap before GC invocations=3565 (full 6):
 PSYoungGen      total 7168K, used 6080K [0x00000000d5580000, 0x00000000d5f80000, 0x0000000100000000)
  eden space 3584K, 100% used [0x00000000d5580000,0x00000000d5900000,0x00000000d5900000)
  from space 3584K, 69% used [0x00000000d5c00000,0x00000000d5e70000,0x00000000d5f80000)
  to   space 3072K, 0% used [0x00000000d5900000,0x00000000d5900000,0x00000000d5c00000)
 ParOldGen       total 353280K, used 350708K [0x0000000080000000, 0x0000000095900000, 0x00000000d5580000)
  object space 353280K, 99% used [0x0000000080000000,0x000000009567d160,0x0000000095900000)
 Metaspace       used 83916K, committed 85824K, reserved 1179648K
  class space    used 8291K, committed 9152K, reserved 1048576K
}
Event: 568.396 GC heap after
{Heap after GC invocations=3565 (full 6):
 PSYoungGen      total 6656K, used 3072K [0x00000000d5580000, 0x00000000d6700000, 0x0000000100000000)
  eden space 3584K, 0% used [0x00000000d5580000,0x00000000d5580000,0x00000000d5900000)
  from space 3072K, 100% used [0x00000000d5900000,0x00000000d5c00000,0x00000000d5c00000)
  to   space 6656K, 0% used [0x00000000d6080000,0x00000000d6080000,0x00000000d6700000)
 ParOldGen       total 353792K, used 353508K [0x0000000080000000, 0x0000000095980000, 0x00000000d5580000)
  object space 353792K, 99% used [0x0000000080000000,0x0000000095939160,0x0000000095980000)
 Metaspace       used 83916K, committed 85824K, reserved 1179648K
  class space    used 8291K, committed 9152K, reserved 1048576K
}
Event: 568.404 GC heap before
{Heap before GC invocations=3566 (full 6):
 PSYoungGen      total 6656K, used 6578K [0x00000000d5580000, 0x00000000d6700000, 0x0000000100000000)
  eden space 3584K, 97% used [0x00000000d5580000,0x00000000d58eca18,0x00000000d5900000)
  from space 3072K, 100% used [0x00000000d5900000,0x00000000d5c00000,0x00000000d5c00000)
  to   space 6656K, 0% used [0x00000000d6080000,0x00000000d6080000,0x00000000d6700000)
 ParOldGen       total 353792K, used 353508K [0x0000000080000000, 0x0000000095980000, 0x00000000d5580000)
  object space 353792K, 99% used [0x0000000080000000,0x0000000095939160,0x0000000095980000)
 Metaspace       used 83916K, committed 85824K, reserved 1179648K
  class space    used 8291K, committed 9152K, reserved 1048576K
}
Event: 568.406 GC heap after
{Heap after GC invocations=3566 (full 6):
 PSYoungGen      total 8192K, used 3336K [0x00000000d5580000, 0x00000000d6400000, 0x0000000100000000)
  eden space 4608K, 0% used [0x00000000d5580000,0x00000000d5580000,0x00000000d5a00000)
  from space 3584K, 93% used [0x00000000d6080000,0x00000000d63c2000,0x00000000d6400000)
  to   space 4608K, 0% used [0x00000000d5b00000,0x00000000d5b00000,0x00000000d5f80000)
 ParOldGen       total 356864K, used 356636K [0x0000000080000000, 0x0000000095c80000, 0x00000000d5580000)
  object space 356864K, 99% used [0x0000000080000000,0x0000000095c47160,0x0000000095c80000)
 Metaspace       used 83916K, committed 85824K, reserved 1179648K
  class space    used 8291K, committed 9152K, reserved 1048576K
}
Event: 568.426 GC heap before
{Heap before GC invocations=3567 (full 6):
 PSYoungGen      total 8192K, used 7944K [0x00000000d5580000, 0x00000000d6400000, 0x0000000100000000)
  eden space 4608K, 100% used [0x00000000d5580000,0x00000000d5a00000,0x00000000d5a00000)
  from space 3584K, 93% used [0x00000000d6080000,0x00000000d63c2000,0x00000000d6400000)
  to   space 4608K, 0% used [0x00000000d5b00000,0x00000000d5b00000,0x00000000d5f80000)
 ParOldGen       total 356864K, used 356636K [0x0000000080000000, 0x0000000095c80000, 0x00000000d5580000)
  object space 356864K, 99% used [0x0000000080000000,0x0000000095c47160,0x0000000095c80000)
 Metaspace       used 83916K, committed 85824K, reserved 1179648K
  class space    used 8291K, committed 9152K, reserved 1048576K
}
Event: 568.430 GC heap after
{Heap after GC invocations=3567 (full 6):
 PSYoungGen      total 8704K, used 3040K [0x00000000d5580000, 0x00000000d6200000, 0x0000000100000000)
  eden space 5632K, 0% used [0x00000000d5580000,0x00000000d5580000,0x00000000d5b00000)
  from space 3072K, 98% used [0x00000000d5b00000,0x00000000d5df8000,0x00000000d5e00000)
  to   space 3584K, 0% used [0x00000000d5e80000,0x00000000d5e80000,0x00000000d6200000)
 ParOldGen       total 359936K, used 359700K [0x0000000080000000, 0x0000000095f80000, 0x00000000d5580000)
  object space 359936K, 99% used [0x0000000080000000,0x0000000095f45160,0x0000000095f80000)
 Metaspace       used 83916K, committed 85824K, reserved 1179648K
  class space    used 8291K, committed 9152K, reserved 1048576K
}
Event: 568.740 GC heap before
{Heap before GC invocations=3568 (full 6):
 PSYoungGen      total 8704K, used 8672K [0x00000000d5580000, 0x00000000d6200000, 0x0000000100000000)
  eden space 5632K, 100% used [0x00000000d5580000,0x00000000d5b00000,0x00000000d5b00000)
  from space 3072K, 98% used [0x00000000d5b00000,0x00000000d5df8000,0x00000000d5e00000)
  to   space 3584K, 0% used [0x00000000d5e80000,0x00000000d5e80000,0x00000000d6200000)
 ParOldGen       total 359936K, used 359700K [0x0000000080000000, 0x0000000095f80000, 0x00000000d5580000)
  object space 359936K, 99% used [0x0000000080000000,0x0000000095f45160,0x0000000095f80000)
 Metaspace       used 83930K, committed 85824K, reserved 1179648K
  class space    used 8293K, committed 9152K, reserved 1048576K
}
Event: 568.744 GC heap after
{Heap after GC invocations=3568 (full 6):
 PSYoungGen      total 6656K, used 800K [0x00000000d5580000, 0x00000000d5f80000, 0x0000000100000000)
  eden space 5632K, 0% used [0x00000000d5580000,0x00000000d5580000,0x00000000d5b00000)
  from space 1024K, 78% used [0x00000000d5e80000,0x00000000d5f48000,0x00000000d5f80000)
  to   space 2048K, 0% used [0x00000000d5b80000,0x00000000d5b80000,0x00000000d5d80000)
 ParOldGen       total 361984K, used 361956K [0x0000000080000000, 0x0000000096180000, 0x00000000d5580000)
  object space 361984K, 99% used [0x0000000080000000,0x0000000096179160,0x0000000096180000)
 Metaspace       used 83930K, committed 85824K, reserved 1179648K
  class space    used 8293K, committed 9152K, reserved 1048576K
}
Event: 568.985 GC heap before
{Heap before GC invocations=3569 (full 6):
 PSYoungGen      total 6656K, used 6431K [0x00000000d5580000, 0x00000000d5f80000, 0x0000000100000000)
  eden space 5632K, 99% used [0x00000000d5580000,0x00000000d5afffd8,0x00000000d5b00000)
  from space 1024K, 78% used [0x00000000d5e80000,0x00000000d5f48000,0x00000000d5f80000)
  to   space 2048K, 0% used [0x00000000d5b80000,0x00000000d5b80000,0x00000000d5d80000)
 ParOldGen       total 361984K, used 361956K [0x0000000080000000, 0x0000000096180000, 0x00000000d5580000)
  object space 361984K, 99% used [0x0000000080000000,0x0000000096179160,0x0000000096180000)
 Metaspace       used 83930K, committed 85824K, reserved 1179648K
  class space    used 8293K, committed 9152K, reserved 1048576K
}
Event: 568.987 GC heap after
{Heap after GC invocations=3569 (full 6):
 PSYoungGen      total 7680K, used 628K [0x00000000d5580000, 0x00000000d5f00000, 0x0000000100000000)
  eden space 5632K, 0% used [0x00000000d5580000,0x00000000d5580000,0x00000000d5b00000)
  from space 2048K, 30% used [0x00000000d5b80000,0x00000000d5c1d220,0x00000000d5d80000)
  to   space 1024K, 0% used [0x00000000d5e00000,0x00000000d5e00000,0x00000000d5f00000)
 ParOldGen       total 363008K, used 362569K [0x0000000080000000, 0x0000000096280000, 0x00000000d5580000)
  object space 363008K, 99% used [0x0000000080000000,0x0000000096212768,0x0000000096280000)
 Metaspace       used 83930K, committed 85824K, reserved 1179648K
  class space    used 8293K, committed 9152K, reserved 1048576K
}
Event: 568.999 GC heap before
{Heap before GC invocations=3570 (full 6):
 PSYoungGen      total 7680K, used 6260K [0x00000000d5580000, 0x00000000d5f00000, 0x0000000100000000)
  eden space 5632K, 100% used [0x00000000d5580000,0x00000000d5b00000,0x00000000d5b00000)
  from space 2048K, 30% used [0x00000000d5b80000,0x00000000d5c1d220,0x00000000d5d80000)
  to   space 1024K, 0% used [0x00000000d5e00000,0x00000000d5e00000,0x00000000d5f00000)
 ParOldGen       total 363008K, used 362569K [0x0000000080000000, 0x0000000096280000, 0x00000000d5580000)
  object space 363008K, 99% used [0x0000000080000000,0x0000000096212768,0x0000000096280000)
 Metaspace       used 83931K, committed 85824K, reserved 1179648K
  class space    used 8293K, committed 9152K, reserved 1048576K
}
Event: 569.000 GC heap after
{Heap after GC invocations=3570 (full 6):
 PSYoungGen      total 6144K, used 474K [0x00000000d5580000, 0x00000000d5e80000, 0x0000000100000000)
  eden space 5632K, 0% used [0x00000000d5580000,0x00000000d5580000,0x00000000d5b00000)
  from space 512K, 92% used [0x00000000d5e00000,0x00000000d5e76900,0x00000000d5e80000)
  to   space 1024K, 0% used [0x00000000d5c80000,0x00000000d5c80000,0x00000000d5d80000)
 ParOldGen       total 363008K, used 362698K [0x0000000080000000, 0x0000000096280000, 0x00000000d5580000)
  object space 363008K, 99% used [0x0000000080000000,0x0000000096232b90,0x0000000096280000)
 Metaspace       used 83931K, committed 85824K, reserved 1179648K
  class space    used 8293K, committed 9152K, reserved 1048576K
}
Event: 569.007 GC heap before
{Heap before GC invocations=3571 (full 6):
 PSYoungGen      total 6144K, used 6106K [0x00000000d5580000, 0x00000000d5e80000, 0x0000000100000000)
  eden space 5632K, 100% used [0x00000000d5580000,0x00000000d5b00000,0x00000000d5b00000)
  from space 512K, 92% used [0x00000000d5e00000,0x00000000d5e76900,0x00000000d5e80000)
  to   space 1024K, 0% used [0x00000000d5c80000,0x00000000d5c80000,0x00000000d5d80000)
 ParOldGen       total 363008K, used 362698K [0x0000000080000000, 0x0000000096280000, 0x00000000d5580000)
  object space 363008K, 99% used [0x0000000080000000,0x0000000096232b90,0x0000000096280000)
 Metaspace       used 83931K, committed 85824K, reserved 1179648K
  class space    used 8293K, committed 9152K, reserved 1048576K
}
Event: 569.008 GC heap after
{Heap after GC invocations=3571 (full 6):
 PSYoungGen      total 6656K, used 448K [0x00000000d5580000, 0x00000000d5e80000, 0x0000000100000000)
  eden space 5632K, 0% used [0x00000000d5580000,0x00000000d5580000,0x00000000d5b00000)
  from space 1024K, 43% used [0x00000000d5c80000,0x00000000d5cf0000,0x00000000d5d80000)
  to   space 512K, 0% used [0x00000000d5e00000,0x00000000d5e00000,0x00000000d5e80000)
 ParOldGen       total 363520K, used 363095K [0x0000000080000000, 0x0000000096300000, 0x00000000d5580000)
  object space 363520K, 99% used [0x0000000080000000,0x0000000096295da0,0x0000000096300000)
 Metaspace       used 83931K, committed 85824K, reserved 1179648K
  class space    used 8293K, committed 9152K, reserved 1048576K
}
Event: 571.929 GC heap before
{Heap before GC invocations=3572 (full 6):
 PSYoungGen      total 6656K, used 6080K [0x00000000d5580000, 0x00000000d5e80000, 0x0000000100000000)
  eden space 5632K, 100% used [0x00000000d5580000,0x00000000d5b00000,0x00000000d5b00000)
  from space 1024K, 43% used [0x00000000d5c80000,0x00000000d5cf0000,0x00000000d5d80000)
  to   space 512K, 0% used [0x00000000d5e00000,0x00000000d5e00000,0x00000000d5e80000)
 ParOldGen       total 363520K, used 363095K [0x0000000080000000, 0x0000000096300000, 0x00000000d5580000)
  object space 363520K, 99% used [0x0000000080000000,0x0000000096295da0,0x0000000096300000)
 Metaspace       used 83931K, committed 85824K, reserved 1179648K
  class space    used 8293K, committed 9152K, reserved 1048576K
}
Event: 571.931 GC heap after
{Heap after GC invocations=3572 (full 6):
 PSYoungGen      total 6144K, used 506K [0x00000000d5580000, 0x00000000d5e80000, 0x0000000100000000)
  eden space 5632K, 0% used [0x00000000d5580000,0x00000000d5580000,0x00000000d5b00000)
  from space 512K, 98% used [0x00000000d5e00000,0x00000000d5e7e918,0x00000000d5e80000)
  to   space 1536K, 0% used [0x00000000d5b80000,0x00000000d5b80000,0x00000000d5d00000)
 ParOldGen       total 364032K, used 363655K [0x0000000080000000, 0x0000000096380000, 0x00000000d5580000)
  object space 364032K, 99% used [0x0000000080000000,0x0000000096321da0,0x0000000096380000)
 Metaspace       used 83931K, committed 85824K, reserved 1179648K
  class space    used 8293K, committed 9152K, reserved 1048576K
}
Event: 571.946 GC heap before
{Heap before GC invocations=3573 (full 6):
 PSYoungGen      total 6144K, used 6100K [0x00000000d5580000, 0x00000000d5e80000, 0x0000000100000000)
  eden space 5632K, 99% used [0x00000000d5580000,0x00000000d5af6748,0x00000000d5b00000)
  from space 512K, 98% used [0x00000000d5e00000,0x00000000d5e7e918,0x00000000d5e80000)
  to   space 1536K, 0% used [0x00000000d5b80000,0x00000000d5b80000,0x00000000d5d00000)
 ParOldGen       total 364032K, used 363655K [0x0000000080000000, 0x0000000096380000, 0x00000000d5580000)
  object space 364032K, 99% used [0x0000000080000000,0x0000000096321da0,0x0000000096380000)
 Metaspace       used 83931K, committed 85824K, reserved 1179648K
  class space    used 8293K, committed 9152K, reserved 1048576K
}
Event: 571.948 GC heap after
{Heap after GC invocations=3573 (full 6):
 PSYoungGen      total 7168K, used 1527K [0x00000000d5580000, 0x00000000d6600000, 0x0000000100000000)
  eden space 5632K, 0% used [0x00000000d5580000,0x00000000d5580000,0x00000000d5b00000)
  from space 1536K, 99% used [0x00000000d5b80000,0x00000000d5cfdde0,0x00000000d5d00000)
  to   space 5632K, 0% used [0x00000000d6080000,0x00000000d6080000,0x00000000d6600000)
 ParOldGen       total 367104K, used 366994K [0x0000000080000000, 0x0000000096680000, 0x00000000d5580000)
  object space 367104K, 99% used [0x0000000080000000,0x0000000096664820,0x0000000096680000)
 Metaspace       used 83931K, committed 85824K, reserved 1179648K
  class space    used 8293K, committed 9152K, reserved 1048576K
}
Event: 571.965 GC heap before
{Heap before GC invocations=3574 (full 6):
 PSYoungGen      total 7168K, used 7159K [0x00000000d5580000, 0x00000000d6600000, 0x0000000100000000)
  eden space 5632K, 100% used [0x00000000d5580000,0x00000000d5b00000,0x00000000d5b00000)
  from space 1536K, 99% used [0x00000000d5b80000,0x00000000d5cfdde0,0x00000000d5d00000)
  to   space 5632K, 0% used [0x00000000d6080000,0x00000000d6080000,0x00000000d6600000)
 ParOldGen       total 367104K, used 366994K [0x0000000080000000, 0x0000000096680000, 0x00000000d5580000)
  object space 367104K, 99% used [0x0000000080000000,0x0000000096664820,0x0000000096680000)
 Metaspace       used 83931K, committed 85824K, reserved 1179648K
  class space    used 8293K, committed 9152K, reserved 1048576K
}
Event: 571.967 GC heap after
{Heap after GC invocations=3574 (full 6):
 PSYoungGen      total 10752K, used 4637K [0x00000000d5580000, 0x00000000d6580000, 0x0000000100000000)
  eden space 5632K, 0% used [0x00000000d5580000,0x00000000d5580000,0x00000000d5b00000)
  from space 5120K, 90% used [0x00000000d6080000,0x00000000d65077d8,0x00000000d6580000)
  to   space 5120K, 0% used [0x00000000d5b80000,0x00000000d5b80000,0x00000000d6080000)
 ParOldGen       total 369152K, used 368541K [0x0000000080000000, 0x0000000096880000, 0x00000000d5580000)
  object space 369152K, 99% used [0x0000000080000000,0x00000000967e77c0,0x0000000096880000)
 Metaspace       used 83931K, committed 85824K, reserved 1179648K
  class space    used 8293K, committed 9152K, reserved 1048576K
}

