# JRE version: OpenJDK Runtime Environment Temurin-21.0.7+6 (21.0.7+6) (build 21.0.7+6-LTS)
# Java VM: OpenJDK 64-Bit Server VM Temurin-21.0.7+6 (21.0.7+6-LTS, mixed mode, sharing, tiered, compressed oops, compressed class ptrs, parallel gc, windows-amd64)
GC Precious Log:
 CardTable entry size: 512
 CPUs: 8 total, 8 available
 Memory: 16249M
 Large Page Support: Disabled
 NUMA Support: Disabled
 Compressed Oops: Enabled (32-bit)
 Alignments: Space 512K, Generation 512K, Heap 2M
 Heap Min Capacity: 100M
 Heap Initial Capacity: 100M
 Heap Max Capacity: 2G
 Pre-touch: Disabled
 Parallel Workers: 8
Heap:
 PSYoungGen      total 5120K, used 1498K [0x00000000d5580000, 0x00000000d5c00000, 0x0000000100000000)
  eden space 4608K, 22% used [0x00000000d5580000,0x00000000d567e9d0,0x00000000d5a00000)
  from space 512K, 93% used [0x00000000d5b00000,0x00000000d5b78000,0x00000000d5b80000)
  to   space 1024K, 0% used [0x00000000d5a00000,0x00000000d5a00000,0x00000000d5b00000)
 ParOldGen       total 874496K, used 323042K [0x0000000080000000, 0x00000000b5600000, 0x00000000d5580000)
  object space 874496K, 36% used [0x0000000080000000,0x0000000093b789a0,0x00000000b5600000)
 Metaspace       used 71424K, committed 73280K, reserved 1179648K
  class space    used 6994K, committed 7872K, reserved 1048576K
GC Heap History (20 events):
Event: 2658.585 GC heap before
{Heap before GC invocations=1813 (full 4):
 PSYoungGen      total 5120K, used 5040K [0x00000000d5580000, 0x00000000d5b80000, 0x0000000100000000)
  eden space 4608K, 100% used [0x00000000d5580000,0x00000000d5a00000,0x00000000d5a00000)
  from space 512K, 84% used [0x00000000d5b00000,0x00000000d5b6c030,0x00000000d5b80000)
  to   space 512K, 0% used [0x00000000d5a80000,0x00000000d5a80000,0x00000000d5b00000)
 ParOldGen       total 874496K, used 198599K [0x0000000080000000, 0x00000000b5600000, 0x00000000d5580000)
  object space 874496K, 22% used [0x0000000080000000,0x000000008c1f1c58,0x00000000b5600000)
 Metaspace       used 71109K, committed 73216K, reserved 1179648K
  class space    used 6967K, committed 7872K, reserved 1048576K
}
Event: 2658.585 GC heap after
{Heap after GC invocations=1813 (full 4):
 PSYoungGen      total 5120K, used 224K [0x00000000d5580000, 0x00000000d5b80000, 0x0000000100000000)
  eden space 4608K, 0% used [0x00000000d5580000,0x00000000d5580000,0x00000000d5a00000)
  from space 512K, 43% used [0x00000000d5a80000,0x00000000d5ab8000,0x00000000d5b00000)
  to   space 512K, 0% used [0x00000000d5b00000,0x00000000d5b00000,0x00000000d5b80000)
 ParOldGen       total 874496K, used 198767K [0x0000000080000000, 0x00000000b5600000, 0x00000000d5580000)
  object space 874496K, 22% used [0x0000000080000000,0x000000008c21bc88,0x00000000b5600000)
 Metaspace       used 71109K, committed 73216K, reserved 1179648K
  class space    used 6967K, committed 7872K, reserved 1048576K
}
Event: 2658.818 GC heap before
{Heap before GC invocations=1814 (full 4):
 PSYoungGen      total 5120K, used 4832K [0x00000000d5580000, 0x00000000d5b80000, 0x0000000100000000)
  eden space 4608K, 100% used [0x00000000d5580000,0x00000000d5a00000,0x00000000d5a00000)
  from space 512K, 43% used [0x00000000d5a80000,0x00000000d5ab8000,0x00000000d5b00000)
  to   space 512K, 0% used [0x00000000d5b00000,0x00000000d5b00000,0x00000000d5b80000)
 ParOldGen       total 874496K, used 229487K [0x0000000080000000, 0x00000000b5600000, 0x00000000d5580000)
  object space 874496K, 26% used [0x0000000080000000,0x000000008e01bcb8,0x00000000b5600000)
 Metaspace       used 71117K, committed 73280K, reserved 1179648K
  class space    used 6967K, committed 7872K, reserved 1048576K
}
Event: 2658.819 GC heap after
{Heap after GC invocations=1814 (full 4):
 PSYoungGen      total 5120K, used 224K [0x00000000d5580000, 0x00000000d5b80000, 0x0000000100000000)
  eden space 4608K, 0% used [0x00000000d5580000,0x00000000d5580000,0x00000000d5a00000)
  from space 512K, 43% used [0x00000000d5b00000,0x00000000d5b38000,0x00000000d5b80000)
  to   space 512K, 0% used [0x00000000d5a80000,0x00000000d5a80000,0x00000000d5b00000)
 ParOldGen       total 874496K, used 229535K [0x0000000080000000, 0x00000000b5600000, 0x00000000d5580000)
  object space 874496K, 26% used [0x0000000080000000,0x000000008e027cb8,0x00000000b5600000)
 Metaspace       used 71117K, committed 73280K, reserved 1179648K
  class space    used 6967K, committed 7872K, reserved 1048576K
}
Event: 2660.224 GC heap before
{Heap before GC invocations=1815 (full 4):
 PSYoungGen      total 5120K, used 4832K [0x00000000d5580000, 0x00000000d5b80000, 0x0000000100000000)
  eden space 4608K, 100% used [0x00000000d5580000,0x00000000d5a00000,0x00000000d5a00000)
  from space 512K, 43% used [0x00000000d5b00000,0x00000000d5b38000,0x00000000d5b80000)
  to   space 512K, 0% used [0x00000000d5a80000,0x00000000d5a80000,0x00000000d5b00000)
 ParOldGen       total 874496K, used 229535K [0x0000000080000000, 0x00000000b5600000, 0x00000000d5580000)
  object space 874496K, 26% used [0x0000000080000000,0x000000008e027cb8,0x00000000b5600000)
 Metaspace       used 71129K, committed 73280K, reserved 1179648K
  class space    used 6967K, committed 7872K, reserved 1048576K
}
Event: 2660.224 GC heap after
{Heap after GC invocations=1815 (full 4):
 PSYoungGen      total 5120K, used 448K [0x00000000d5580000, 0x00000000d5b80000, 0x0000000100000000)
  eden space 4608K, 0% used [0x00000000d5580000,0x00000000d5580000,0x00000000d5a00000)
  from space 512K, 87% used [0x00000000d5a80000,0x00000000d5af0020,0x00000000d5b00000)
  to   space 512K, 0% used [0x00000000d5b00000,0x00000000d5b00000,0x00000000d5b80000)
 ParOldGen       total 874496K, used 229599K [0x0000000080000000, 0x00000000b5600000, 0x00000000d5580000)
  object space 874496K, 26% used [0x0000000080000000,0x000000008e037cb8,0x00000000b5600000)
 Metaspace       used 71129K, committed 73280K, reserved 1179648K
  class space    used 6967K, committed 7872K, reserved 1048576K
}
Event: 2661.308 GC heap before
{Heap before GC invocations=1816 (full 4):
 PSYoungGen      total 5120K, used 5046K [0x00000000d5580000, 0x00000000d5b80000, 0x0000000100000000)
  eden space 4608K, 99% used [0x00000000d5580000,0x00000000d59fd920,0x00000000d5a00000)
  from space 512K, 87% used [0x00000000d5a80000,0x00000000d5af0020,0x00000000d5b00000)
  to   space 512K, 0% used [0x00000000d5b00000,0x00000000d5b00000,0x00000000d5b80000)
 ParOldGen       total 874496K, used 260319K [0x0000000080000000, 0x00000000b5600000, 0x00000000d5580000)
  object space 874496K, 29% used [0x0000000080000000,0x000000008fe37ce8,0x00000000b5600000)
 Metaspace       used 71160K, committed 73280K, reserved 1179648K
  class space    used 6967K, committed 7872K, reserved 1048576K
}
Event: 2661.309 GC heap after
{Heap after GC invocations=1816 (full 4):
 PSYoungGen      total 5120K, used 224K [0x00000000d5580000, 0x00000000d5b80000, 0x0000000100000000)
  eden space 4608K, 0% used [0x00000000d5580000,0x00000000d5580000,0x00000000d5a00000)
  from space 512K, 43% used [0x00000000d5b00000,0x00000000d5b38000,0x00000000d5b80000)
  to   space 512K, 0% used [0x00000000d5a80000,0x00000000d5a80000,0x00000000d5b00000)
 ParOldGen       total 874496K, used 260551K [0x0000000080000000, 0x00000000b5600000, 0x00000000d5580000)
  object space 874496K, 29% used [0x0000000080000000,0x000000008fe71d18,0x00000000b5600000)
 Metaspace       used 71160K, committed 73280K, reserved 1179648K
  class space    used 6967K, committed 7872K, reserved 1048576K
}
Event: 2661.378 GC heap before
{Heap before GC invocations=1817 (full 4):
 PSYoungGen      total 5120K, used 4832K [0x00000000d5580000, 0x00000000d5b80000, 0x0000000100000000)
  eden space 4608K, 100% used [0x00000000d5580000,0x00000000d5a00000,0x00000000d5a00000)
  from space 512K, 43% used [0x00000000d5b00000,0x00000000d5b38000,0x00000000d5b80000)
  to   space 512K, 0% used [0x00000000d5a80000,0x00000000d5a80000,0x00000000d5b00000)
 ParOldGen       total 874496K, used 291271K [0x0000000080000000, 0x00000000b5600000, 0x00000000d5580000)
  object space 874496K, 33% used [0x0000000080000000,0x0000000091c71d48,0x00000000b5600000)
 Metaspace       used 71163K, committed 73280K, reserved 1179648K
  class space    used 6967K, committed 7872K, reserved 1048576K
}
Event: 2661.378 GC heap after
{Heap after GC invocations=1817 (full 4):
 PSYoungGen      total 5120K, used 352K [0x00000000d5580000, 0x00000000d5b80000, 0x0000000100000000)
  eden space 4608K, 0% used [0x00000000d5580000,0x00000000d5580000,0x00000000d5a00000)
  from space 512K, 68% used [0x00000000d5a80000,0x00000000d5ad8020,0x00000000d5b00000)
  to   space 512K, 0% used [0x00000000d5b00000,0x00000000d5b00000,0x00000000d5b80000)
 ParOldGen       total 874496K, used 291359K [0x0000000080000000, 0x00000000b5600000, 0x00000000d5580000)
  object space 874496K, 33% used [0x0000000080000000,0x0000000091c87d48,0x00000000b5600000)
 Metaspace       used 71163K, committed 73280K, reserved 1179648K
  class space    used 6967K, committed 7872K, reserved 1048576K
}
Event: 2663.014 GC heap before
{Heap before GC invocations=1818 (full 4):
 PSYoungGen      total 5120K, used 4960K [0x00000000d5580000, 0x00000000d5b80000, 0x0000000100000000)
  eden space 4608K, 100% used [0x00000000d5580000,0x00000000d5a00000,0x00000000d5a00000)
  from space 512K, 68% used [0x00000000d5a80000,0x00000000d5ad8020,0x00000000d5b00000)
  to   space 512K, 0% used [0x00000000d5b00000,0x00000000d5b00000,0x00000000d5b80000)
 ParOldGen       total 874496K, used 291359K [0x0000000080000000, 0x00000000b5600000, 0x00000000d5580000)
  object space 874496K, 33% used [0x0000000080000000,0x0000000091c87d48,0x00000000b5600000)
 Metaspace       used 71169K, committed 73280K, reserved 1179648K
  class space    used 6967K, committed 7872K, reserved 1048576K
}
Event: 2663.015 GC heap after
{Heap after GC invocations=1818 (full 4):
 PSYoungGen      total 5120K, used 480K [0x00000000d5580000, 0x00000000d5c00000, 0x0000000100000000)
  eden space 4608K, 0% used [0x00000000d5580000,0x00000000d5580000,0x00000000d5a00000)
  from space 512K, 93% used [0x00000000d5b00000,0x00000000d5b78020,0x00000000d5b80000)
  to   space 1024K, 0% used [0x00000000d5a00000,0x00000000d5a00000,0x00000000d5b00000)
 ParOldGen       total 874496K, used 291519K [0x0000000080000000, 0x00000000b5600000, 0x00000000d5580000)
  object space 874496K, 33% used [0x0000000080000000,0x0000000091cafd78,0x00000000b5600000)
 Metaspace       used 71169K, committed 73280K, reserved 1179648K
  class space    used 6967K, committed 7872K, reserved 1048576K
}
Event: 2663.051 GC heap before
{Heap before GC invocations=1819 (full 4):
 PSYoungGen      total 5120K, used 5088K [0x00000000d5580000, 0x00000000d5c00000, 0x0000000100000000)
  eden space 4608K, 100% used [0x00000000d5580000,0x00000000d5a00000,0x00000000d5a00000)
  from space 512K, 93% used [0x00000000d5b00000,0x00000000d5b78020,0x00000000d5b80000)
  to   space 1024K, 0% used [0x00000000d5a00000,0x00000000d5a00000,0x00000000d5b00000)
 ParOldGen       total 874496K, used 291519K [0x0000000080000000, 0x00000000b5600000, 0x00000000d5580000)
  object space 874496K, 33% used [0x0000000080000000,0x0000000091cafd78,0x00000000b5600000)
 Metaspace       used 71188K, committed 73280K, reserved 1179648K
  class space    used 6967K, committed 7872K, reserved 1048576K
}
Event: 2663.052 GC heap after
{Heap after GC invocations=1819 (full 4):
 PSYoungGen      total 5632K, used 512K [0x00000000d5580000, 0x00000000d5c00000, 0x0000000100000000)
  eden space 4608K, 0% used [0x00000000d5580000,0x00000000d5580000,0x00000000d5a00000)
  from space 1024K, 50% used [0x00000000d5a00000,0x00000000d5a80000,0x00000000d5b00000)
  to   space 1024K, 0% used [0x00000000d5b00000,0x00000000d5b00000,0x00000000d5c00000)
 ParOldGen       total 874496K, used 291964K [0x0000000080000000, 0x00000000b5600000, 0x00000000d5580000)
  object space 874496K, 33% used [0x0000000080000000,0x0000000091d1f018,0x00000000b5600000)
 Metaspace       used 71188K, committed 73280K, reserved 1179648K
  class space    used 6967K, committed 7872K, reserved 1048576K
}
Event: 2663.410 GC heap before
{Heap before GC invocations=1820 (full 4):
 PSYoungGen      total 5632K, used 5120K [0x00000000d5580000, 0x00000000d5c00000, 0x0000000100000000)
  eden space 4608K, 100% used [0x00000000d5580000,0x00000000d5a00000,0x00000000d5a00000)
  from space 1024K, 50% used [0x00000000d5a00000,0x00000000d5a80000,0x00000000d5b00000)
  to   space 1024K, 0% used [0x00000000d5b00000,0x00000000d5b00000,0x00000000d5c00000)
 ParOldGen       total 874496K, used 291964K [0x0000000080000000, 0x00000000b5600000, 0x00000000d5580000)
  object space 874496K, 33% used [0x0000000080000000,0x0000000091d1f018,0x00000000b5600000)
 Metaspace       used 71250K, committed 73280K, reserved 1179648K
  class space    used 6978K, committed 7872K, reserved 1048576K
}
Event: 2663.412 GC heap after
{Heap after GC invocations=1820 (full 4):
 PSYoungGen      total 5120K, used 224K [0x00000000d5580000, 0x00000000d5b80000, 0x0000000100000000)
  eden space 4608K, 0% used [0x00000000d5580000,0x00000000d5580000,0x00000000d5a00000)
  from space 512K, 43% used [0x00000000d5b00000,0x00000000d5b38000,0x00000000d5b80000)
  to   space 512K, 0% used [0x00000000d5a80000,0x00000000d5a80000,0x00000000d5b00000)
 ParOldGen       total 874496K, used 292138K [0x0000000080000000, 0x00000000b5600000, 0x00000000d5580000)
  object space 874496K, 33% used [0x0000000080000000,0x0000000091d4a970,0x00000000b5600000)
 Metaspace       used 71250K, committed 73280K, reserved 1179648K
  class space    used 6978K, committed 7872K, reserved 1048576K
}
Event: 2671.454 GC heap before
{Heap before GC invocations=1821 (full 4):
 PSYoungGen      total 5120K, used 4832K [0x00000000d5580000, 0x00000000d5b80000, 0x0000000100000000)
  eden space 4608K, 100% used [0x00000000d5580000,0x00000000d5a00000,0x00000000d5a00000)
  from space 512K, 43% used [0x00000000d5b00000,0x00000000d5b38000,0x00000000d5b80000)
  to   space 512K, 0% used [0x00000000d5a80000,0x00000000d5a80000,0x00000000d5b00000)
 ParOldGen       total 874496K, used 322858K [0x0000000080000000, 0x00000000b5600000, 0x00000000d5580000)
  object space 874496K, 36% used [0x0000000080000000,0x0000000093b4a9a0,0x00000000b5600000)
 Metaspace       used 71256K, committed 73280K, reserved 1179648K
  class space    used 6978K, committed 7872K, reserved 1048576K
}
Event: 2671.458 GC heap after
{Heap after GC invocations=1821 (full 4):
 PSYoungGen      total 5120K, used 192K [0x00000000d5580000, 0x00000000d5b80000, 0x0000000100000000)
  eden space 4608K, 0% used [0x00000000d5580000,0x00000000d5580000,0x00000000d5a00000)
  from space 512K, 37% used [0x00000000d5a80000,0x00000000d5ab0000,0x00000000d5b00000)
  to   space 512K, 0% used [0x00000000d5b00000,0x00000000d5b00000,0x00000000d5b80000)
 ParOldGen       total 874496K, used 322970K [0x0000000080000000, 0x00000000b5600000, 0x00000000d5580000)
  object space 874496K, 36% used [0x0000000080000000,0x0000000093b669a0,0x00000000b5600000)
 Metaspace       used 71256K, committed 73280K, reserved 1179648K
  class space    used 6978K, committed 7872K, reserved 1048576K
}
Event: 3944.975 GC heap before
{Heap before GC invocations=1822 (full 4):
 PSYoungGen      total 5120K, used 4800K [0x00000000d5580000, 0x00000000d5b80000, 0x0000000100000000)
  eden space 4608K, 100% used [0x00000000d5580000,0x00000000d5a00000,0x00000000d5a00000)
  from space 512K, 37% used [0x00000000d5a80000,0x00000000d5ab0000,0x00000000d5b00000)
  to   space 512K, 0% used [0x00000000d5b00000,0x00000000d5b00000,0x00000000d5b80000)
 ParOldGen       total 874496K, used 322970K [0x0000000080000000, 0x00000000b5600000, 0x00000000d5580000)
  object space 874496K, 36% used [0x0000000080000000,0x0000000093b669a0,0x00000000b5600000)
 Metaspace       used 71385K, committed 73280K, reserved 1179648K
  class space    used 6994K, committed 7872K, reserved 1048576K
}
Event: 3944.979 GC heap after
{Heap after GC invocations=1822 (full 4):
 PSYoungGen      total 5120K, used 480K [0x00000000d5580000, 0x00000000d5c00000, 0x0000000100000000)
  eden space 4608K, 0% used [0x00000000d5580000,0x00000000d5580000,0x00000000d5a00000)
  from space 512K, 93% used [0x00000000d5b00000,0x00000000d5b78000,0x00000000d5b80000)
  to   space 1024K, 0% used [0x00000000d5a00000,0x00000000d5a00000,0x00000000d5b00000)
 ParOldGen       total 874496K, used 323042K [0x0000000080000000, 0x00000000b5600000, 0x00000000d5580000)
  object space 874496K, 36% used [0x0000000080000000,0x0000000093b789a0,0x00000000b5600000)
 Metaspace       used 71385K, committed 73280K, reserved 1179648K
  class space    used 6994K, committed 7872K, reserved 1048576K
}

