# JRE version: OpenJDK Runtime Environment Corretto-21.0.7.6.1 (21.0.7+6) (build 21.0.7+6-LTS)
# Java VM: OpenJDK 64-Bit Server VM Corretto-21.0.7.6.1 (21.0.7+6-LTS, mixed mode, sharing, tiered, compressed oops, compressed class ptrs, g1 gc, windows-amd64)
GC Precious Log:
 CardTable entry size: 512
 Card Set container configuration: InlinePtr #cards 4 size 8 Array Of Cards #cards 16 size 48 Howl #buckets 8 coarsen threshold 3686 Howl Bitmap #cards 512 size 80 coarsen threshold 460 Card regions per heap region 1 cards per card region 4096
 CPUs: 8 total, 8 available
 Memory: 16249M
 Large Page Support: Disabled
 NUMA Support: Disabled
 Compressed Oops: Enabled (Zero based)
 Heap Region Size: 2M
 Heap Min Capacity: 8M
 Heap Initial Capacity: 254M
 Heap Max Capacity: 4064M
 Pre-touch: Disabled
 Parallel Workers: 8
 Concurrent Workers: 2
 Concurrent Refinement Workers: 8
 Periodic GC: Disabled
Heap:
 garbage-first heap   total 311296K, used 270068K [0x0000000702000000, 0x0000000800000000)
  region size 2048K, 34 young (69632K), 5 survivors (10240K)
 Metaspace       used 43253K, committed 43904K, reserved 1114112K
  class space    used 4700K, committed 4992K, reserved 1048576K
GC Heap History (20 events):
Event: 6.257 GC heap before
{Heap before GC invocations=7 (full 0):
 garbage-first heap   total 124928K, used 99937K [0x0000000702000000, 0x0000000800000000)
  region size 2048K, 27 young (55296K), 3 survivors (6144K)
 Metaspace       used 30297K, committed 30784K, reserved 1114112K
  class space    used 3343K, committed 3584K, reserved 1048576K
}
Event: 6.271 GC heap after
{Heap after GC invocations=8 (full 0):
 garbage-first heap   total 124928K, used 51207K [0x0000000702000000, 0x0000000800000000)
  region size 2048K, 3 young (6144K), 3 survivors (6144K)
 Metaspace       used 30297K, committed 30784K, reserved 1114112K
  class space    used 3343K, committed 3584K, reserved 1048576K
}
Event: 6.561 GC heap before
{Heap before GC invocations=8 (full 0):
 garbage-first heap   total 124928K, used 104455K [0x0000000702000000, 0x0000000800000000)
  region size 2048K, 29 young (59392K), 3 survivors (6144K)
 Metaspace       used 30658K, committed 31232K, reserved 1114112K
  class space    used 3373K, committed 3648K, reserved 1048576K
}
Event: 6.578 GC heap after
{Heap after GC invocations=9 (full 0):
 garbage-first heap   total 124928K, used 53879K [0x0000000702000000, 0x0000000800000000)
  region size 2048K, 2 young (4096K), 2 survivors (4096K)
 Metaspace       used 30658K, committed 31232K, reserved 1114112K
  class space    used 3373K, committed 3648K, reserved 1048576K
}
Event: 6.819 GC heap before
{Heap before GC invocations=9 (full 0):
 garbage-first heap   total 124928K, used 107127K [0x0000000702000000, 0x0000000800000000)
  region size 2048K, 28 young (57344K), 2 survivors (4096K)
 Metaspace       used 30739K, committed 31296K, reserved 1114112K
  class space    used 3373K, committed 3648K, reserved 1048576K
}
Event: 6.829 GC heap after
{Heap after GC invocations=10 (full 0):
 garbage-first heap   total 157696K, used 56813K [0x0000000702000000, 0x0000000800000000)
  region size 2048K, 4 young (8192K), 4 survivors (8192K)
 Metaspace       used 30739K, committed 31296K, reserved 1114112K
  class space    used 3373K, committed 3648K, reserved 1048576K
}
Event: 7.185 GC heap before
{Heap before GC invocations=10 (full 0):
 garbage-first heap   total 157696K, used 134637K [0x0000000702000000, 0x0000000800000000)
  region size 2048K, 42 young (86016K), 4 survivors (8192K)
 Metaspace       used 30830K, committed 31424K, reserved 1114112K
  class space    used 3379K, committed 3648K, reserved 1048576K
}
Event: 7.201 GC heap after
{Heap after GC invocations=11 (full 0):
 garbage-first heap   total 157696K, used 60372K [0x0000000702000000, 0x0000000800000000)
  region size 2048K, 5 young (10240K), 5 survivors (10240K)
 Metaspace       used 30830K, committed 31424K, reserved 1114112K
  class space    used 3379K, committed 3648K, reserved 1048576K
}
Event: 7.560 GC heap before
{Heap before GC invocations=11 (full 0):
 garbage-first heap   total 157696K, used 136148K [0x0000000702000000, 0x0000000800000000)
  region size 2048K, 42 young (86016K), 5 survivors (10240K)
 Metaspace       used 30913K, committed 31488K, reserved 1114112K
  class space    used 3379K, committed 3648K, reserved 1048576K
}
Event: 7.571 GC heap after
{Heap after GC invocations=12 (full 0):
 garbage-first heap   total 157696K, used 59567K [0x0000000702000000, 0x0000000800000000)
  region size 2048K, 3 young (6144K), 3 survivors (6144K)
 Metaspace       used 30913K, committed 31488K, reserved 1114112K
  class space    used 3379K, committed 3648K, reserved 1048576K
}
Event: 7.823 GC heap before
{Heap before GC invocations=12 (full 0):
 garbage-first heap   total 157696K, used 139439K [0x0000000702000000, 0x0000000800000000)
  region size 2048K, 42 young (86016K), 3 survivors (6144K)
 Metaspace       used 30980K, committed 31552K, reserved 1114112K
  class space    used 3379K, committed 3648K, reserved 1048576K
}
Event: 7.832 GC heap after
{Heap after GC invocations=13 (full 0):
 garbage-first heap   total 157696K, used 59506K [0x0000000702000000, 0x0000000800000000)
  region size 2048K, 3 young (6144K), 3 survivors (6144K)
 Metaspace       used 30980K, committed 31552K, reserved 1114112K
  class space    used 3379K, committed 3648K, reserved 1048576K
}
Event: 8.941 GC heap before
{Heap before GC invocations=13 (full 0):
 garbage-first heap   total 157696K, used 139378K [0x0000000702000000, 0x0000000800000000)
  region size 2048K, 42 young (86016K), 3 survivors (6144K)
 Metaspace       used 33451K, committed 33984K, reserved 1114112K
  class space    used 3623K, committed 3840K, reserved 1048576K
}
Event: 8.951 GC heap after
{Heap after GC invocations=14 (full 0):
 garbage-first heap   total 215040K, used 61701K [0x0000000702000000, 0x0000000800000000)
  region size 2048K, 4 young (8192K), 4 survivors (8192K)
 Metaspace       used 33451K, committed 33984K, reserved 1114112K
  class space    used 3623K, committed 3840K, reserved 1048576K
}
Event: 10.325 GC heap before
{Heap before GC invocations=14 (full 0):
 garbage-first heap   total 215040K, used 184581K [0x0000000702000000, 0x0000000800000000)
  region size 2048K, 63 young (129024K), 4 survivors (8192K)
 Metaspace       used 34010K, committed 34624K, reserved 1114112K
  class space    used 3661K, committed 3968K, reserved 1048576K
}
Event: 10.341 GC heap after
{Heap after GC invocations=15 (full 0):
 garbage-first heap   total 215040K, used 85822K [0x0000000702000000, 0x0000000800000000)
  region size 2048K, 8 young (16384K), 8 survivors (16384K)
 Metaspace       used 34010K, committed 34624K, reserved 1114112K
  class space    used 3661K, committed 3968K, reserved 1048576K
}
Event: 11.229 GC heap before
{Heap before GC invocations=15 (full 0):
 garbage-first heap   total 215040K, used 153406K [0x0000000702000000, 0x0000000800000000)
  region size 2048K, 42 young (86016K), 8 survivors (16384K)
 Metaspace       used 35923K, committed 36480K, reserved 1114112K
  class space    used 3870K, committed 4160K, reserved 1048576K
}
Event: 11.240 GC heap after
{Heap after GC invocations=16 (full 0):
 garbage-first heap   total 215040K, used 84399K [0x0000000702000000, 0x0000000800000000)
  region size 2048K, 3 young (6144K), 3 survivors (6144K)
 Metaspace       used 35923K, committed 36480K, reserved 1114112K
  class space    used 3870K, committed 4160K, reserved 1048576K
}
Event: 33.503 GC heap before
{Heap before GC invocations=17 (full 0):
 garbage-first heap   total 301056K, used 297391K [0x0000000702000000, 0x0000000800000000)
  region size 2048K, 46 young (94208K), 3 survivors (6144K)
 Metaspace       used 41607K, committed 42240K, reserved 1114112K
  class space    used 4513K, committed 4800K, reserved 1048576K
}
Event: 33.510 GC heap after
{Heap after GC invocations=18 (full 0):
 garbage-first heap   total 311296K, used 214772K [0x0000000702000000, 0x0000000800000000)
  region size 2048K, 5 young (10240K), 5 survivors (10240K)
 Metaspace       used 41607K, committed 42240K, reserved 1114112K
  class space    used 4513K, committed 4800K, reserved 1048576K
}

