# JRE version: OpenJDK Runtime Environment Corretto-21.0.7.6.1 (21.0.7+6) (build 21.0.7+6-LTS)
# Java VM: OpenJDK 64-Bit Server VM Corretto-21.0.7.6.1 (21.0.7+6-LTS, mixed mode, sharing, tiered, compressed oops, compressed class ptrs, g1 gc, windows-amd64)
GC Precious Log:
 CardTable entry size: 512
 Card Set container configuration: InlinePtr #cards 4 size 8 Array Of Cards #cards 16 size 48 Howl #buckets 8 coarsen threshold 3686 Howl Bitmap #cards 512 size 80 coarsen threshold 460 Card regions per heap region 1 cards per card region 4096
 CPUs: 8 total, 8 available
 Memory: 16249M
 Large Page Support: Disabled
 NUMA Support: Disabled
 Compressed Oops: Enabled (Zero based)
 Heap Region Size: 2M
 Heap Min Capacity: 8M
 Heap Initial Capacity: 254M
 Heap Max Capacity: 4064M
 Pre-touch: Disabled
 Parallel Workers: 8
 Concurrent Workers: 2
 Concurrent Refinement Workers: 8
 Periodic GC: Disabled
Heap:
 garbage-first heap   total 133120K, used 66548K [0x0000000702000000, 0x0000000800000000)
  region size 2048K, 12 young (24576K), 4 survivors (8192K)
 Metaspace       used 77368K, committed 78080K, reserved 1179648K
  class space    used 10288K, committed 10624K, reserved 1048576K
GC Heap History (20 events):
Event: 5.893 GC heap before
{Heap before GC invocations=9 (full 0):
 garbage-first heap   total 61440K, used 49163K [0x0000000702000000, 0x0000000800000000)
  region size 2048K, 13 young (26624K), 2 survivors (4096K)
 Metaspace       used 32312K, committed 32832K, reserved 1114112K
  class space    used 4021K, committed 4288K, reserved 1048576K
}
Event: 5.906 GC heap after
{Heap after GC invocations=10 (full 0):
 garbage-first heap   total 161792K, used 27978K [0x0000000702000000, 0x0000000800000000)
  region size 2048K, 2 young (4096K), 2 survivors (4096K)
 Metaspace       used 32312K, committed 32832K, reserved 1114112K
  class space    used 4021K, committed 4288K, reserved 1048576K
}
Event: 6.481 GC heap before
{Heap before GC invocations=10 (full 0):
 garbage-first heap   total 161792K, used 42314K [0x0000000702000000, 0x0000000800000000)
  region size 2048K, 10 young (20480K), 2 survivors (4096K)
 Metaspace       used 35553K, committed 35968K, reserved 1114112K
  class space    used 4413K, committed 4608K, reserved 1048576K
}
Event: 6.490 GC heap after
{Heap after GC invocations=11 (full 0):
 garbage-first heap   total 161792K, used 29278K [0x0000000702000000, 0x0000000800000000)
  region size 2048K, 3 young (6144K), 3 survivors (6144K)
 Metaspace       used 35553K, committed 35968K, reserved 1114112K
  class space    used 4413K, committed 4608K, reserved 1048576K
}
Event: 8.450 GC heap before
{Heap before GC invocations=12 (full 0):
 garbage-first heap   total 110592K, used 88670K [0x0000000702000000, 0x0000000800000000)
  region size 2048K, 32 young (65536K), 3 survivors (6144K)
 Metaspace       used 47207K, committed 47680K, reserved 1114112K
  class space    used 6042K, committed 6272K, reserved 1048576K
}
Event: 8.469 GC heap after
{Heap after GC invocations=13 (full 0):
 garbage-first heap   total 110592K, used 33193K [0x0000000702000000, 0x0000000800000000)
  region size 2048K, 4 young (8192K), 4 survivors (8192K)
 Metaspace       used 47207K, committed 47680K, reserved 1114112K
  class space    used 6042K, committed 6272K, reserved 1048576K
}
Event: 9.750 GC heap before
{Heap before GC invocations=13 (full 0):
 garbage-first heap   total 110592K, used 84393K [0x0000000702000000, 0x0000000800000000)
  region size 2048K, 30 young (61440K), 4 survivors (8192K)
 Metaspace       used 59916K, committed 60416K, reserved 1114112K
  class space    used 7867K, committed 8128K, reserved 1048576K
}
Event: 9.769 GC heap after
{Heap after GC invocations=14 (full 0):
 garbage-first heap   total 110592K, used 37203K [0x0000000702000000, 0x0000000800000000)
  region size 2048K, 4 young (8192K), 4 survivors (8192K)
 Metaspace       used 59916K, committed 60416K, reserved 1114112K
  class space    used 7867K, committed 8128K, reserved 1048576K
}
Event: 9.901 GC heap before
{Heap before GC invocations=14 (full 0):
 garbage-first heap   total 110592K, used 45395K [0x0000000702000000, 0x0000000800000000)
  region size 2048K, 9 young (18432K), 4 survivors (8192K)
 Metaspace       used 60224K, committed 60736K, reserved 1114112K
  class space    used 7902K, committed 8128K, reserved 1048576K
}
Event: 9.913 GC heap after
{Heap after GC invocations=15 (full 0):
 garbage-first heap   total 110592K, used 37176K [0x0000000702000000, 0x0000000800000000)
  region size 2048K, 2 young (4096K), 2 survivors (4096K)
 Metaspace       used 60224K, committed 60736K, reserved 1114112K
  class space    used 7902K, committed 8128K, reserved 1048576K
}
Event: 11.619 GC heap before
{Heap before GC invocations=16 (full 0):
 garbage-first heap   total 110592K, used 94520K [0x0000000702000000, 0x0000000800000000)
  region size 2048K, 30 young (61440K), 2 survivors (4096K)
 Metaspace       used 65140K, committed 65728K, reserved 1114112K
  class space    used 8584K, committed 8832K, reserved 1048576K
}
Event: 11.636 GC heap after
{Heap after GC invocations=17 (full 0):
 garbage-first heap   total 110592K, used 39224K [0x0000000702000000, 0x0000000800000000)
  region size 2048K, 3 young (6144K), 3 survivors (6144K)
 Metaspace       used 65140K, committed 65728K, reserved 1114112K
  class space    used 8584K, committed 8832K, reserved 1048576K
}
Event: 12.981 GC heap before
{Heap before GC invocations=17 (full 0):
 garbage-first heap   total 110592K, used 94520K [0x0000000702000000, 0x0000000800000000)
  region size 2048K, 30 young (61440K), 3 survivors (6144K)
 Metaspace       used 70841K, committed 71488K, reserved 1114112K
  class space    used 9391K, committed 9664K, reserved 1048576K
}
Event: 13.006 GC heap after
{Heap after GC invocations=18 (full 0):
 garbage-first heap   total 133120K, used 42617K [0x0000000702000000, 0x0000000800000000)
  region size 2048K, 4 young (8192K), 4 survivors (8192K)
 Metaspace       used 70841K, committed 71488K, reserved 1114112K
  class space    used 9391K, committed 9664K, reserved 1048576K
}
Event: 13.698 GC heap before
{Heap before GC invocations=18 (full 0):
 garbage-first heap   total 133120K, used 114297K [0x0000000702000000, 0x0000000800000000)
  region size 2048K, 39 young (79872K), 4 survivors (8192K)
 Metaspace       used 74187K, committed 74816K, reserved 1179648K
  class space    used 9935K, committed 10176K, reserved 1048576K
}
Event: 13.713 GC heap after
{Heap after GC invocations=19 (full 0):
 garbage-first heap   total 133120K, used 45685K [0x0000000702000000, 0x0000000800000000)
  region size 2048K, 4 young (8192K), 4 survivors (8192K)
 Metaspace       used 74187K, committed 74816K, reserved 1179648K
  class space    used 9935K, committed 10176K, reserved 1048576K
}
Event: 14.484 GC heap before
{Heap before GC invocations=19 (full 0):
 garbage-first heap   total 133120K, used 115317K [0x0000000702000000, 0x0000000800000000)
  region size 2048K, 38 young (77824K), 4 survivors (8192K)
 Metaspace       used 76389K, committed 77056K, reserved 1179648K
  class space    used 10192K, committed 10496K, reserved 1048576K
}
Event: 14.499 GC heap after
{Heap after GC invocations=20 (full 0):
 garbage-first heap   total 133120K, used 48437K [0x0000000702000000, 0x0000000800000000)
  region size 2048K, 3 young (6144K), 3 survivors (6144K)
 Metaspace       used 76389K, committed 77056K, reserved 1179648K
  class space    used 10192K, committed 10496K, reserved 1048576K
}
Event: 15.208 GC heap before
{Heap before GC invocations=20 (full 0):
 garbage-first heap   total 133120K, used 118069K [0x0000000702000000, 0x0000000800000000)
  region size 2048K, 37 young (75776K), 3 survivors (6144K)
 Metaspace       used 77279K, committed 78016K, reserved 1179648K
  class space    used 10282K, committed 10624K, reserved 1048576K
}
Event: 15.225 GC heap after
{Heap after GC invocations=21 (full 0):
 garbage-first heap   total 133120K, used 52212K [0x0000000702000000, 0x0000000800000000)
  region size 2048K, 4 young (8192K), 4 survivors (8192K)
 Metaspace       used 77279K, committed 78016K, reserved 1179648K
  class space    used 10282K, committed 10624K, reserved 1048576K
}

