# JRE version: OpenJDK Runtime Environment Corretto-21.0.7.6.1 (21.0.7+6) (build 21.0.7+6-LTS)
# Java VM: OpenJDK 64-Bit Server VM Corretto-21.0.7.6.1 (21.0.7+6-LTS, mixed mode, emulated-client, sharing, tiered, compressed oops, compressed class ptrs, g1 gc, windows-amd64)
GC Precious Log:
 CardTable entry size: 512
 Card Set container configuration: InlinePtr #cards 4 size 8 Array Of Cards #cards 16 size 48 Howl #buckets 8 coarsen threshold 3686 Howl Bitmap #cards 512 size 80 coarsen threshold 460 Card regions per heap region 1 cards per card region 4096
 CPUs: 8 total, 8 available
 Memory: 16249M
 Large Page Support: Disabled
 NUMA Support: Disabled
 Compressed Oops: Enabled (Zero based)
 Heap Region Size: 2M
 Heap Min Capacity: 8M
 Heap Initial Capacity: 254M
 Heap Max Capacity: 4064M
 Pre-touch: Disabled
 Parallel Workers: 8
 Concurrent Workers: 2
 Concurrent Refinement Workers: 8
 Periodic GC: Disabled
Heap:
 garbage-first heap   total 96256K, used 69252K [0x0000000702000000, 0x0000000800000000)
  region size 2048K, 21 young (43008K), 3 survivors (6144K)
 Metaspace       used 53548K, committed 54208K, reserved 1114112K
  class space    used 7377K, committed 7680K, reserved 1048576K
GC Heap History (20 events):
Event: 1.124 GC heap before
{Heap before GC invocations=1 (full 0):
 garbage-first heap   total 260096K, used 28672K [0x0000000702000000, 0x0000000800000000)
  region size 2048K, 11 young (22528K), 2 survivors (4096K)
 Metaspace       used 6775K, committed 7040K, reserved 1114112K
  class space    used 915K, committed 1024K, reserved 1048576K
}
Event: 1.128 GC heap after
{Heap after GC invocations=2 (full 0):
 garbage-first heap   total 260096K, used 11299K [0x0000000702000000, 0x0000000800000000)
  region size 2048K, 1 young (2048K), 1 survivors (2048K)
 Metaspace       used 6775K, committed 7040K, reserved 1114112K
  class space    used 915K, committed 1024K, reserved 1048576K
}
Event: 2.043 GC heap before
{Heap before GC invocations=2 (full 0):
 garbage-first heap   total 260096K, used 62499K [0x0000000702000000, 0x0000000800000000)
  region size 2048K, 28 young (57344K), 1 survivors (2048K)
 Metaspace       used 16340K, committed 16640K, reserved 1114112K
  class space    used 2185K, committed 2304K, reserved 1048576K
}
Event: 2.050 GC heap after
{Heap after GC invocations=3 (full 0):
 garbage-first heap   total 260096K, used 16823K [0x0000000702000000, 0x0000000800000000)
  region size 2048K, 4 young (8192K), 4 survivors (8192K)
 Metaspace       used 16340K, committed 16640K, reserved 1114112K
  class space    used 2185K, committed 2304K, reserved 1048576K
}
Event: 2.603 GC heap before
{Heap before GC invocations=4 (full 0):
 garbage-first heap   total 61440K, used 45495K [0x0000000702000000, 0x0000000800000000)
  region size 2048K, 18 young (36864K), 4 survivors (8192K)
 Metaspace       used 18975K, committed 19264K, reserved 1114112K
  class space    used 2505K, committed 2624K, reserved 1048576K
}
Event: 2.614 GC heap after
{Heap after GC invocations=5 (full 0):
 garbage-first heap   total 61440K, used 20026K [0x0000000702000000, 0x0000000800000000)
  region size 2048K, 2 young (4096K), 2 survivors (4096K)
 Metaspace       used 18975K, committed 19264K, reserved 1114112K
  class space    used 2505K, committed 2624K, reserved 1048576K
}
Event: 2.970 GC heap before
{Heap before GC invocations=5 (full 0):
 garbage-first heap   total 61440K, used 42554K [0x0000000702000000, 0x0000000800000000)
  region size 2048K, 13 young (26624K), 2 survivors (4096K)
 Metaspace       used 19845K, committed 20160K, reserved 1114112K
  class space    used 2645K, committed 2816K, reserved 1048576K
}
Event: 2.975 GC heap after
{Heap after GC invocations=6 (full 0):
 garbage-first heap   total 61440K, used 21662K [0x0000000702000000, 0x0000000800000000)
  region size 2048K, 1 young (2048K), 1 survivors (2048K)
 Metaspace       used 19845K, committed 20160K, reserved 1114112K
  class space    used 2645K, committed 2816K, reserved 1048576K
}
Event: 3.431 GC heap before
{Heap before GC invocations=6 (full 0):
 garbage-first heap   total 61440K, used 46238K [0x0000000702000000, 0x0000000800000000)
  region size 2048K, 13 young (26624K), 1 survivors (2048K)
 Metaspace       used 22658K, committed 23040K, reserved 1114112K
  class space    used 2982K, committed 3136K, reserved 1048576K
}
Event: 3.434 GC heap after
{Heap after GC invocations=7 (full 0):
 garbage-first heap   total 61440K, used 23455K [0x0000000702000000, 0x0000000800000000)
  region size 2048K, 2 young (4096K), 2 survivors (4096K)
 Metaspace       used 22658K, committed 23040K, reserved 1114112K
  class space    used 2982K, committed 3136K, reserved 1048576K
}
Event: 3.781 GC heap before
{Heap before GC invocations=7 (full 0):
 garbage-first heap   total 61440K, used 48031K [0x0000000702000000, 0x0000000800000000)
  region size 2048K, 14 young (28672K), 2 survivors (4096K)
 Metaspace       used 24030K, committed 24320K, reserved 1114112K
  class space    used 3225K, committed 3328K, reserved 1048576K
}
Event: 3.785 GC heap after
{Heap after GC invocations=8 (full 0):
 garbage-first heap   total 61440K, used 24526K [0x0000000702000000, 0x0000000800000000)
  region size 2048K, 2 young (4096K), 2 survivors (4096K)
 Metaspace       used 24030K, committed 24320K, reserved 1114112K
  class space    used 3225K, committed 3328K, reserved 1048576K
}
Event: 4.199 GC heap before
{Heap before GC invocations=8 (full 0):
 garbage-first heap   total 61440K, used 45006K [0x0000000702000000, 0x0000000800000000)
  region size 2048K, 13 young (26624K), 2 survivors (4096K)
 Metaspace       used 27365K, committed 27776K, reserved 1114112K
  class space    used 3668K, committed 3840K, reserved 1048576K
}
Event: 4.204 GC heap after
{Heap after GC invocations=9 (full 0):
 garbage-first heap   total 161792K, used 26647K [0x0000000702000000, 0x0000000800000000)
  region size 2048K, 2 young (4096K), 2 survivors (4096K)
 Metaspace       used 27365K, committed 27776K, reserved 1114112K
  class space    used 3668K, committed 3840K, reserved 1048576K
}
Event: 5.142 GC heap before
{Heap before GC invocations=10 (full 0):
 garbage-first heap   total 96256K, used 79895K [0x0000000702000000, 0x0000000800000000)
  region size 2048K, 28 young (57344K), 2 survivors (4096K)
 Metaspace       used 33758K, committed 34304K, reserved 1114112K
  class space    used 4492K, committed 4736K, reserved 1048576K
}
Event: 5.149 GC heap after
{Heap after GC invocations=11 (full 0):
 garbage-first heap   total 96256K, used 30021K [0x0000000702000000, 0x0000000800000000)
  region size 2048K, 4 young (8192K), 4 survivors (8192K)
 Metaspace       used 33758K, committed 34304K, reserved 1114112K
  class space    used 4492K, committed 4736K, reserved 1048576K
}
Event: 6.014 GC heap before
{Heap before GC invocations=11 (full 0):
 garbage-first heap   total 96256K, used 79173K [0x0000000702000000, 0x0000000800000000)
  region size 2048K, 28 young (57344K), 4 survivors (8192K)
 Metaspace       used 37531K, committed 38144K, reserved 1114112K
  class space    used 5050K, committed 5312K, reserved 1048576K
}
Event: 6.022 GC heap after
{Heap after GC invocations=12 (full 0):
 garbage-first heap   total 96256K, used 31986K [0x0000000702000000, 0x0000000800000000)
  region size 2048K, 3 young (6144K), 3 survivors (6144K)
 Metaspace       used 37531K, committed 38144K, reserved 1114112K
  class space    used 5050K, committed 5312K, reserved 1048576K
}
Event: 6.697 GC heap before
{Heap before GC invocations=12 (full 0):
 garbage-first heap   total 96256K, used 64754K [0x0000000702000000, 0x0000000800000000)
  region size 2048K, 20 young (40960K), 3 survivors (6144K)
 Metaspace       used 46276K, committed 46848K, reserved 1114112K
  class space    used 6313K, committed 6592K, reserved 1048576K
}
Event: 6.703 GC heap after
{Heap after GC invocations=13 (full 0):
 garbage-first heap   total 96256K, used 34436K [0x0000000702000000, 0x0000000800000000)
  region size 2048K, 3 young (6144K), 3 survivors (6144K)
 Metaspace       used 46276K, committed 46848K, reserved 1114112K
  class space    used 6313K, committed 6592K, reserved 1048576K
}

