# JRE version: OpenJDK Runtime Environment Corretto-21.0.7.6.1 (21.0.7+6) (build 21.0.7+6-LTS)
# Java VM: OpenJDK 64-Bit Server VM Corretto-21.0.7.6.1 (21.0.7+6-LTS, mixed mode, sharing, tiered, compressed oops, compressed class ptrs, g1 gc, windows-amd64)
GC Precious Log:
 CardTable entry size: 512
 Card Set container configuration: InlinePtr #cards 4 size 8 Array Of Cards #cards 16 size 48 Howl #buckets 8 coarsen threshold 3686 Howl Bitmap #cards 512 size 80 coarsen threshold 460 Card regions per heap region 1 cards per card region 4096
 CPUs: 8 total, 8 available
 Memory: 16249M
 Large Page Support: Disabled
 NUMA Support: Disabled
 Compressed Oops: Enabled (Zero based)
 Heap Region Size: 2M
 Heap Min Capacity: 8M
 Heap Initial Capacity: 254M
 Heap Max Capacity: 4064M
 Pre-touch: Disabled
 Parallel Workers: 8
 Concurrent Workers: 2
 Concurrent Refinement Workers: 8
 Periodic GC: Disabled
Heap:
 garbage-first heap   total 102400K, used 36841K [0x0000000702000000, 0x0000000800000000)
  region size 2048K, 5 young (10240K), 2 survivors (4096K)
 Metaspace       used 46346K, committed 46848K, reserved 1114112K
  class space    used 5926K, committed 6144K, reserved 1048576K
GC Heap History (16 events):
Event: 0.406 GC heap before
{Heap before GC invocations=0 (full 0):
 garbage-first heap   total 260096K, used 20480K [0x0000000702000000, 0x0000000800000000)
  region size 2048K, 11 young (22528K), 0 survivors (0K)
 Metaspace       used 3095K, committed 3264K, reserved 1114112K
  class space    used 295K, committed 384K, reserved 1048576K
}
Event: 0.410 GC heap after
{Heap after GC invocations=1 (full 0):
 garbage-first heap   total 260096K, used 11390K [0x0000000702000000, 0x0000000800000000)
  region size 2048K, 2 young (4096K), 2 survivors (4096K)
 Metaspace       used 3095K, committed 3264K, reserved 1114112K
  class space    used 295K, committed 384K, reserved 1048576K
}
Event: 0.787 GC heap before
{Heap before GC invocations=1 (full 0):
 garbage-first heap   total 260096K, used 25726K [0x0000000702000000, 0x0000000800000000)
  region size 2048K, 9 young (18432K), 2 survivors (4096K)
 Metaspace       used 7491K, committed 7680K, reserved 1114112K
  class space    used 883K, committed 960K, reserved 1048576K
}
Event: 0.791 GC heap after
{Heap after GC invocations=2 (full 0):
 garbage-first heap   total 260096K, used 12891K [0x0000000702000000, 0x0000000800000000)
  region size 2048K, 1 young (2048K), 1 survivors (2048K)
 Metaspace       used 7491K, committed 7680K, reserved 1114112K
  class space    used 883K, committed 960K, reserved 1048576K
}
Event: 1.733 GC heap before
{Heap before GC invocations=2 (full 0):
 garbage-first heap   total 260096K, used 66139K [0x0000000702000000, 0x0000000800000000)
  region size 2048K, 27 young (55296K), 1 survivors (2048K)
 Metaspace       used 20253K, committed 20480K, reserved 1114112K
  class space    used 2523K, committed 2624K, reserved 1048576K
}
Event: 1.737 GC heap after
{Heap after GC invocations=3 (full 0):
 garbage-first heap   total 260096K, used 16060K [0x0000000702000000, 0x0000000800000000)
  region size 2048K, 3 young (6144K), 3 survivors (6144K)
 Metaspace       used 20253K, committed 20480K, reserved 1114112K
  class space    used 2523K, committed 2624K, reserved 1048576K
}
Event: 1.805 GC heap before
{Heap before GC invocations=3 (full 0):
 garbage-first heap   total 260096K, used 22204K [0x0000000702000000, 0x0000000800000000)
  region size 2048K, 7 young (14336K), 3 survivors (6144K)
 Metaspace       used 21257K, committed 21504K, reserved 1114112K
  class space    used 2693K, committed 2816K, reserved 1048576K
}
Event: 1.808 GC heap after
{Heap after GC invocations=4 (full 0):
 garbage-first heap   total 260096K, used 16824K [0x0000000702000000, 0x0000000800000000)
  region size 2048K, 3 young (6144K), 3 survivors (6144K)
 Metaspace       used 21257K, committed 21504K, reserved 1114112K
  class space    used 2693K, committed 2816K, reserved 1048576K
}
Event: 2.290 GC heap before
{Heap before GC invocations=5 (full 0):
 garbage-first heap   total 61440K, used 47544K [0x0000000702000000, 0x0000000800000000)
  region size 2048K, 18 young (36864K), 3 survivors (6144K)
 Metaspace       used 23794K, committed 24064K, reserved 1114112K
  class space    used 2956K, committed 3072K, reserved 1048576K
}
Event: 2.298 GC heap after
{Heap after GC invocations=6 (full 0):
 garbage-first heap   total 61440K, used 21124K [0x0000000702000000, 0x0000000800000000)
  region size 2048K, 3 young (6144K), 3 survivors (6144K)
 Metaspace       used 23794K, committed 24064K, reserved 1114112K
  class space    used 2956K, committed 3072K, reserved 1048576K
}
Event: 2.655 GC heap before
{Heap before GC invocations=6 (full 0):
 garbage-first heap   total 61440K, used 39556K [0x0000000702000000, 0x0000000800000000)
  region size 2048K, 13 young (26624K), 3 survivors (6144K)
 Metaspace       used 25957K, committed 26368K, reserved 1114112K
  class space    used 3210K, committed 3392K, reserved 1048576K
}
Event: 2.664 GC heap after
{Heap after GC invocations=7 (full 0):
 garbage-first heap   total 161792K, used 22797K [0x0000000702000000, 0x0000000800000000)
  region size 2048K, 1 young (2048K), 1 survivors (2048K)
 Metaspace       used 25957K, committed 26368K, reserved 1114112K
  class space    used 3210K, committed 3392K, reserved 1048576K
}
Event: 4.499 GC heap before
{Heap before GC invocations=7 (full 0):
 garbage-first heap   total 161792K, used 106765K [0x0000000702000000, 0x0000000800000000)
  region size 2048K, 43 young (88064K), 1 survivors (2048K)
 Metaspace       used 35543K, committed 35968K, reserved 1114112K
  class space    used 4408K, committed 4608K, reserved 1048576K
}
Event: 4.510 GC heap after
{Heap after GC invocations=8 (full 0):
 garbage-first heap   total 161792K, used 28592K [0x0000000702000000, 0x0000000800000000)
  region size 2048K, 4 young (8192K), 4 survivors (8192K)
 Metaspace       used 35543K, committed 35968K, reserved 1114112K
  class space    used 4408K, committed 4608K, reserved 1048576K
}
Event: 6.006 GC heap before
{Heap before GC invocations=9 (full 0):
 garbage-first heap   total 102400K, used 81840K [0x0000000702000000, 0x0000000800000000)
  region size 2048K, 30 young (61440K), 4 survivors (8192K)
 Metaspace       used 44929K, committed 45440K, reserved 1114112K
  class space    used 5781K, committed 6016K, reserved 1048576K
}
Event: 6.025 GC heap after
{Heap after GC invocations=10 (full 0):
 garbage-first heap   total 102400K, used 32745K [0x0000000702000000, 0x0000000800000000)
  region size 2048K, 2 young (4096K), 2 survivors (4096K)
 Metaspace       used 44929K, committed 45440K, reserved 1114112K
  class space    used 5781K, committed 6016K, reserved 1048576K
}

